<?xml version="1.0" encoding="UTF-8"?>
<!-- Generated by org.testng.reporters.JUnitXMLReporter -->
<testsuite ignored="0" hostname="DESKTOP-J3L9M81" failures="1" tests="1" name="Surefire test" time="0.123" errors="0" timestamp="2024-08-16T15:28:26 CST">
  <testcase classname="co.uk.automation.Tests.BaseTest" name="@AfterTest cleanDriver" time="0.001">
    <failure type="java.lang.NullPointerException" message="Cannot invoke &amp;quot;org.openqa.selenium.WebDriver.quit()&amp;quot; because &amp;quot;co.uk.automation.Pages.BasePage.driver&amp;quot; is null">
      <![CDATA[java.lang.NullPointerException: Cannot invoke "org.openqa.selenium.WebDriver.quit()" because "co.uk.automation.Pages.BasePage.driver" is null
at co.uk.automation.Pages.BasePage.closeBrowser(BasePage.java:65)
at co.uk.automation.Tests.BaseTest.cleanDriver(BaseTest.java:21)
... Removed 27 stack frames]]>
    </failure>
  </testcase> <!-- @AfterTest cleanDriver -->
  <testcase classname="co.uk.automation.Tests.CreateOrderTest" name="createOrder" time="0.046">
    <failure type="java.lang.NullPointerException" message="Cannot invoke &amp;quot;org.openqa.selenium.WebDriver.get(String)&amp;quot; because &amp;quot;co.uk.automation.Pages.BasePage.driver&amp;quot; is null">
      <![CDATA[java.lang.NullPointerException: Cannot invoke "org.openqa.selenium.WebDriver.get(String)" because "co.uk.automation.Pages.BasePage.driver" is null
at co.uk.automation.Pages.BasePage.navigateTo(BasePage.java:34)
at co.uk.automation.Pages.HomePageAutomation.navigateToHomePage(HomePageAutomation.java:18)
at co.uk.automation.Tests.CreateOrderTest.createOrder(CreateOrderTest.java:20)
at java.base/java.util.ArrayList.forEach(ArrayList.java:1597)
... Removed 30 stack frames]]>
    </failure>
  </testcase> <!-- createOrder -->
</testsuite> <!-- Surefire test -->
